<?xml version="1.0" encoding="UTF-8"?>
<testsuite xmlns:xsi="http://www.w3.org/2001/XMLSchema-instance" xsi:noNamespaceSchemaLocation="https://maven.apache.org/surefire/maven-surefire-plugin/xsd/surefire-test-report.xsd" name="com.smashminton.rule_engine.RuleEngineApplicationTests" time="2.504" tests="1" errors="0" skipped="0" failures="0">
  <properties>
    <property name="gopherProxySet" value="false"/>
    <property name="awt.toolkit" value="sun.lwawt.macosx.LWCToolkit"/>
    <property name="java.specification.version" value="11"/>
    <property name="sun.cpu.isalist" value=""/>
    <property name="sun.jnu.encoding" value="UTF-8"/>
    <property name="java.class.path" value="/Users/duckien/Developer/Smashminton/drool/target/test-classes:/Users/duckien/Developer/Smashminton/drool/target/classes:/Users/duckien/.m2/repository/org/springframework/boot/spring-boot-starter-data-jpa/2.7.18/spring-boot-starter-data-jpa-2.7.18.jar:/Users/duckien/.m2/repository/org/springframework/boot/spring-boot-starter-aop/2.7.18/spring-boot-starter-aop-2.7.18.jar:/Users/duckien/.m2/repository/org/springframework/spring-aop/5.3.31/spring-aop-5.3.31.jar:/Users/duckien/.m2/repository/org/aspectj/aspectjweaver/1.9.7/aspectjweaver-1.9.7.jar:/Users/duckien/.m2/repository/org/springframework/boot/spring-boot-starter-jdbc/2.7.18/spring-boot-starter-jdbc-2.7.18.jar:/Users/duckien/.m2/repository/com/zaxxer/HikariCP/4.0.3/HikariCP-4.0.3.jar:/Users/duckien/.m2/repository/org/springframework/spring-jdbc/5.3.31/spring-jdbc-5.3.31.jar:/Users/duckien/.m2/repository/jakarta/transaction/jakarta.transaction-api/1.3.3/jakarta.transaction-api-1.3.3.jar:/Users/duckien/.m2/repository/jakarta/persistence/jakarta.persistence-api/2.2.3/jakarta.persistence-api-2.2.3.jar:/Users/duckien/.m2/repository/org/hibernate/hibernate-core/5.6.15.Final/hibernate-core-5.6.15.Final.jar:/Users/duckien/.m2/repository/org/jboss/logging/jboss-logging/3.4.3.Final/jboss-logging-3.4.3.Final.jar:/Users/duckien/.m2/repository/net/bytebuddy/byte-buddy/1.12.23/byte-buddy-1.12.23.jar:/Users/duckien/.m2/repository/antlr/antlr/2.7.7/antlr-2.7.7.jar:/Users/duckien/.m2/repository/org/jboss/jandex/2.4.2.Final/jandex-2.4.2.Final.jar:/Users/duckien/.m2/repository/com/fasterxml/classmate/1.5.1/classmate-1.5.1.jar:/Users/duckien/.m2/repository/org/hibernate/common/hibernate-commons-annotations/5.1.2.Final/hibernate-commons-annotations-5.1.2.Final.jar:/Users/duckien/.m2/repository/org/glassfish/jaxb/jaxb-runtime/2.3.9/jaxb-runtime-2.3.9.jar:/Users/duckien/.m2/repository/org/glassfish/jaxb/txw2/2.3.9/txw2-2.3.9.jar:/Users/duckien/.m2/repository/com/sun/istack/istack-commons-runtime/3.0.12/istack-commons-runtime-3.0.12.jar:/Users/duckien/.m2/repository/com/sun/activation/jakarta.activation/1.2.2/jakarta.activation-1.2.2.jar:/Users/duckien/.m2/repository/org/springframework/data/spring-data-jpa/2.7.18/spring-data-jpa-2.7.18.jar:/Users/duckien/.m2/repository/org/springframework/data/spring-data-commons/2.7.18/spring-data-commons-2.7.18.jar:/Users/duckien/.m2/repository/org/springframework/spring-orm/5.3.31/spring-orm-5.3.31.jar:/Users/duckien/.m2/repository/org/springframework/spring-context/5.3.31/spring-context-5.3.31.jar:/Users/duckien/.m2/repository/org/springframework/spring-tx/5.3.31/spring-tx-5.3.31.jar:/Users/duckien/.m2/repository/org/springframework/spring-beans/5.3.31/spring-beans-5.3.31.jar:/Users/duckien/.m2/repository/org/springframework/spring-aspects/5.3.31/spring-aspects-5.3.31.jar:/Users/duckien/.m2/repository/org/postgresql/postgresql/42.3.8/postgresql-42.3.8.jar:/Users/duckien/.m2/repository/org/checkerframework/checker-qual/3.5.0/checker-qual-3.5.0.jar:/Users/duckien/.m2/repository/org/springframework/boot/spring-boot-starter-web/2.7.18/spring-boot-starter-web-2.7.18.jar:/Users/duckien/.m2/repository/org/springframework/boot/spring-boot-starter/2.7.18/spring-boot-starter-2.7.18.jar:/Users/duckien/.m2/repository/org/springframework/boot/spring-boot/2.7.18/spring-boot-2.7.18.jar:/Users/duckien/.m2/repository/org/springframework/boot/spring-boot-autoconfigure/2.7.18/spring-boot-autoconfigure-2.7.18.jar:/Users/duckien/.m2/repository/org/springframework/boot/spring-boot-starter-logging/2.7.18/spring-boot-starter-logging-2.7.18.jar:/Users/duckien/.m2/repository/ch/qos/logback/logback-classic/1.2.12/logback-classic-1.2.12.jar:/Users/duckien/.m2/repository/ch/qos/logback/logback-core/1.2.12/logback-core-1.2.12.jar:/Users/duckien/.m2/repository/org/apache/logging/log4j/log4j-to-slf4j/2.17.2/log4j-to-slf4j-2.17.2.jar:/Users/duckien/.m2/repository/org/apache/logging/log4j/log4j-api/2.17.2/log4j-api-2.17.2.jar:/Users/duckien/.m2/repository/org/slf4j/jul-to-slf4j/1.7.36/jul-to-slf4j-1.7.36.jar:/Users/duckien/.m2/repository/jakarta/annotation/jakarta.annotation-api/1.3.5/jakarta.annotation-api-1.3.5.jar:/Users/duckien/.m2/repository/org/yaml/snakeyaml/1.30/snakeyaml-1.30.jar:/Users/duckien/.m2/repository/org/springframework/boot/spring-boot-starter-json/2.7.18/spring-boot-starter-json-2.7.18.jar:/Users/duckien/.m2/repository/com/fasterxml/jackson/datatype/jackson-datatype-jdk8/2.13.5/jackson-datatype-jdk8-2.13.5.jar:/Users/duckien/.m2/repository/com/fasterxml/jackson/datatype/jackson-datatype-jsr310/2.13.5/jackson-datatype-jsr310-2.13.5.jar:/Users/duckien/.m2/repository/com/fasterxml/jackson/module/jackson-module-parameter-names/2.13.5/jackson-module-parameter-names-2.13.5.jar:/Users/duckien/.m2/repository/org/springframework/boot/spring-boot-starter-tomcat/2.7.18/spring-boot-starter-tomcat-2.7.18.jar:/Users/duckien/.m2/repository/org/apache/tomcat/embed/tomcat-embed-core/9.0.83/tomcat-embed-core-9.0.83.jar:/Users/duckien/.m2/repository/org/apache/tomcat/embed/tomcat-embed-el/9.0.83/tomcat-embed-el-9.0.83.jar:/Users/duckien/.m2/repository/org/apache/tomcat/embed/tomcat-embed-websocket/9.0.83/tomcat-embed-websocket-9.0.83.jar:/Users/duckien/.m2/repository/org/springframework/spring-web/5.3.31/spring-web-5.3.31.jar:/Users/duckien/.m2/repository/org/springframework/spring-webmvc/5.3.31/spring-webmvc-5.3.31.jar:/Users/duckien/.m2/repository/org/springframework/spring-expression/5.3.31/spring-expression-5.3.31.jar:/Users/duckien/.m2/repository/org/springframework/boot/spring-boot-starter-test/2.7.18/spring-boot-starter-test-2.7.18.jar:/Users/duckien/.m2/repository/org/springframework/boot/spring-boot-test/2.7.18/spring-boot-test-2.7.18.jar:/Users/duckien/.m2/repository/org/springframework/boot/spring-boot-test-autoconfigure/2.7.18/spring-boot-test-autoconfigure-2.7.18.jar:/Users/duckien/.m2/repository/com/jayway/jsonpath/json-path/2.7.0/json-path-2.7.0.jar:/Users/duckien/.m2/repository/net/minidev/json-smart/2.4.11/json-smart-2.4.11.jar:/Users/duckien/.m2/repository/net/minidev/accessors-smart/2.4.11/accessors-smart-2.4.11.jar:/Users/duckien/.m2/repository/org/ow2/asm/asm/9.3/asm-9.3.jar:/Users/duckien/.m2/repository/jakarta/xml/bind/jakarta.xml.bind-api/2.3.3/jakarta.xml.bind-api-2.3.3.jar:/Users/duckien/.m2/repository/jakarta/activation/jakarta.activation-api/1.2.2/jakarta.activation-api-1.2.2.jar:/Users/duckien/.m2/repository/org/assertj/assertj-core/3.22.0/assertj-core-3.22.0.jar:/Users/duckien/.m2/repository/org/hamcrest/hamcrest/2.2/hamcrest-2.2.jar:/Users/duckien/.m2/repository/org/junit/jupiter/junit-jupiter/5.8.2/junit-jupiter-5.8.2.jar:/Users/duckien/.m2/repository/org/junit/jupiter/junit-jupiter-api/5.8.2/junit-jupiter-api-5.8.2.jar:/Users/duckien/.m2/repository/org/opentest4j/opentest4j/1.2.0/opentest4j-1.2.0.jar:/Users/duckien/.m2/repository/org/junit/platform/junit-platform-commons/1.8.2/junit-platform-commons-1.8.2.jar:/Users/duckien/.m2/repository/org/apiguardian/apiguardian-api/1.1.2/apiguardian-api-1.1.2.jar:/Users/duckien/.m2/repository/org/junit/jupiter/junit-jupiter-params/5.8.2/junit-jupiter-params-5.8.2.jar:/Users/duckien/.m2/repository/org/junit/jupiter/junit-jupiter-engine/5.8.2/junit-jupiter-engine-5.8.2.jar:/Users/duckien/.m2/repository/org/junit/platform/junit-platform-engine/1.8.2/junit-platform-engine-1.8.2.jar:/Users/duckien/.m2/repository/org/mockito/mockito-core/4.5.1/mockito-core-4.5.1.jar:/Users/duckien/.m2/repository/net/bytebuddy/byte-buddy-agent/1.12.23/byte-buddy-agent-1.12.23.jar:/Users/duckien/.m2/repository/org/objenesis/objenesis/3.2/objenesis-3.2.jar:/Users/duckien/.m2/repository/org/mockito/mockito-junit-jupiter/4.5.1/mockito-junit-jupiter-4.5.1.jar:/Users/duckien/.m2/repository/org/skyscreamer/jsonassert/1.5.1/jsonassert-1.5.1.jar:/Users/duckien/.m2/repository/com/vaadin/external/google/android-json/0.0.20131108.vaadin1/android-json-0.0.20131108.vaadin1.jar:/Users/duckien/.m2/repository/org/springframework/spring-core/5.3.31/spring-core-5.3.31.jar:/Users/duckien/.m2/repository/org/springframework/spring-jcl/5.3.31/spring-jcl-5.3.31.jar:/Users/duckien/.m2/repository/org/springframework/spring-test/5.3.31/spring-test-5.3.31.jar:/Users/duckien/.m2/repository/org/xmlunit/xmlunit-core/2.9.1/xmlunit-core-2.9.1.jar:/Users/duckien/.m2/repository/org/springframework/boot/spring-boot-starter-actuator/2.7.18/spring-boot-starter-actuator-2.7.18.jar:/Users/duckien/.m2/repository/org/springframework/boot/spring-boot-actuator-autoconfigure/2.7.18/spring-boot-actuator-autoconfigure-2.7.18.jar:/Users/duckien/.m2/repository/org/springframework/boot/spring-boot-actuator/2.7.18/spring-boot-actuator-2.7.18.jar:/Users/duckien/.m2/repository/io/micrometer/micrometer-core/1.9.17/micrometer-core-1.9.17.jar:/Users/duckien/.m2/repository/org/hdrhistogram/HdrHistogram/2.1.12/HdrHistogram-2.1.12.jar:/Users/duckien/.m2/repository/org/latencyutils/LatencyUtils/2.0.3/LatencyUtils-2.0.3.jar:/Users/duckien/.m2/repository/org/springdoc/springdoc-openapi-ui/1.6.15/springdoc-openapi-ui-1.6.15.jar:/Users/duckien/.m2/repository/org/webjars/swagger-ui/4.17.1/swagger-ui-4.17.1.jar:/Users/duckien/.m2/repository/org/webjars/webjars-locator-core/0.50/webjars-locator-core-0.50.jar:/Users/duckien/.m2/repository/io/github/classgraph/classgraph/4.8.149/classgraph-4.8.149.jar:/Users/duckien/.m2/repository/org/springdoc/springdoc-openapi-webmvc-core/1.6.15/springdoc-openapi-webmvc-core-1.6.15.jar:/Users/duckien/.m2/repository/org/springdoc/springdoc-openapi-common/1.6.15/springdoc-openapi-common-1.6.15.jar:/Users/duckien/.m2/repository/io/swagger/core/v3/swagger-core/2.2.8/swagger-core-2.2.8.jar:/Users/duckien/.m2/repository/com/fasterxml/jackson/dataformat/jackson-dataformat-yaml/2.13.5/jackson-dataformat-yaml-2.13.5.jar:/Users/duckien/.m2/repository/io/swagger/core/v3/swagger-annotations/2.2.8/swagger-annotations-2.2.8.jar:/Users/duckien/.m2/repository/io/swagger/core/v3/swagger-models/2.2.8/swagger-models-2.2.8.jar:/Users/duckien/.m2/repository/jakarta/validation/jakarta.validation-api/2.0.2/jakarta.validation-api-2.0.2.jar:/Users/duckien/.m2/repository/org/projectlombok/lombok/1.18.30/lombok-1.18.30.jar:/Users/duckien/.m2/repository/com/fasterxml/jackson/datatype/jackson-datatype-hibernate5/2.13.5/jackson-datatype-hibernate5-2.13.5.jar:/Users/duckien/.m2/repository/javax/transaction/javax.transaction-api/1.3/javax.transaction-api-1.3.jar:/Users/duckien/.m2/repository/com/fasterxml/jackson/core/jackson-core/2.13.5/jackson-core-2.13.5.jar:/Users/duckien/.m2/repository/com/fasterxml/jackson/core/jackson-databind/2.13.5/jackson-databind-2.13.5.jar:/Users/duckien/.m2/repository/com/fasterxml/jackson/core/jackson-annotations/2.13.5/jackson-annotations-2.13.5.jar:/Users/duckien/.m2/repository/org/kie/kie-api/7.73.0.Final/kie-api-7.73.0.Final.jar:/Users/duckien/.m2/repository/org/kie/soup/kie-soup-maven-support/7.73.0.Final/kie-soup-maven-support-7.73.0.Final.jar:/Users/duckien/.m2/repository/org/drools/drools-core/7.73.0.Final/drools-core-7.73.0.Final.jar:/Users/duckien/.m2/repository/org/kie/kie-internal/7.73.0.Final/kie-internal-7.73.0.Final.jar:/Users/duckien/.m2/repository/org/kie/soup/kie-soup-xstream/7.73.0.Final/kie-soup-xstream-7.73.0.Final.jar:/Users/duckien/.m2/repository/org/drools/drools-core-reflective/7.73.0.Final/drools-core-reflective-7.73.0.Final.jar:/Users/duckien/.m2/repository/org/drools/drools-core-dynamic/7.73.0.Final/drools-core-dynamic-7.73.0.Final.jar:/Users/duckien/.m2/repository/commons-codec/commons-codec/1.15/commons-codec-1.15.jar:/Users/duckien/.m2/repository/org/drools/drools-compiler/7.73.0.Final/drools-compiler-7.73.0.Final.jar:/Users/duckien/.m2/repository/org/kie/kie-memory-compiler/7.73.0.Final/kie-memory-compiler-7.73.0.Final.jar:/Users/duckien/.m2/repository/org/drools/drools-ecj/7.73.0.Final/drools-ecj-7.73.0.Final.jar:/Users/duckien/.m2/repository/org/antlr/antlr-runtime/3.5.2/antlr-runtime-3.5.2.jar:/Users/duckien/.m2/repository/com/thoughtworks/xstream/xstream/1.4.19/xstream-1.4.19.jar:/Users/duckien/.m2/repository/io/github/x-stream/mxparser/1.2.2/mxparser-1.2.2.jar:/Users/duckien/.m2/repository/xmlpull/xmlpull/1.1.3.1/xmlpull-1.1.3.1.jar:/Users/duckien/.m2/repository/org/kie/kie-ci/7.73.0.Final/kie-ci-7.73.0.Final.jar:/Users/duckien/.m2/repository/org/drools/drools-mvel/7.73.0.Final/drools-mvel-7.73.0.Final.jar:/Users/duckien/.m2/repository/org/mvel/mvel2/2.4.14.Final/mvel2-2.4.14.Final.jar:/Users/duckien/.m2/repository/org/kie/soup/kie-soup-project-datamodel-commons/7.73.0.Final/kie-soup-project-datamodel-commons-7.73.0.Final.jar:/Users/duckien/.m2/repository/org/kie/soup/kie-soup-commons/7.73.0.Final/kie-soup-commons-7.73.0.Final.jar:/Users/duckien/.m2/repository/org/kie/soup/kie-soup-project-datamodel-api/7.73.0.Final/kie-soup-project-datamodel-api-7.73.0.Final.jar:/Users/duckien/.m2/repository/org/drools/drools-serialization-protobuf/7.73.0.Final/drools-serialization-protobuf-7.73.0.Final.jar:/Users/duckien/.m2/repository/com/google/protobuf/protobuf-java/3.19.4/protobuf-java-3.19.4.jar:/Users/duckien/.m2/repository/org/kie/soup/kie-soup-maven-integration/7.73.0.Final/kie-soup-maven-integration-7.73.0.Final.jar:/Users/duckien/.m2/repository/org/apache/maven/maven-artifact/3.3.9/maven-artifact-3.3.9.jar:/Users/duckien/.m2/repository/org/apache/maven/maven-plugin-api/3.3.9/maven-plugin-api-3.3.9.jar:/Users/duckien/.m2/repository/org/eclipse/aether/aether-util/1.1.0/aether-util-1.1.0.jar:/Users/duckien/.m2/repository/org/eclipse/aether/aether-spi/1.1.0/aether-spi-1.1.0.jar:/Users/duckien/.m2/repository/org/eclipse/aether/aether-transport-file/1.1.0/aether-transport-file-1.1.0.jar:/Users/duckien/.m2/repository/org/eclipse/aether/aether-transport-http/1.1.0/aether-transport-http-1.1.0.jar:/Users/duckien/.m2/repository/jakarta/inject/jakarta.inject-api/1.0.3/jakarta.inject-api-1.0.3.jar:/Users/duckien/.m2/repository/jakarta/enterprise/jakarta.enterprise.cdi-api/2.0.2/jakarta.enterprise.cdi-api-2.0.2.jar:/Users/duckien/.m2/repository/jakarta/el/jakarta.el-api/3.0.3/jakarta.el-api-3.0.3.jar:/Users/duckien/.m2/repository/jakarta/interceptor/jakarta.interceptor-api/1.2.5/jakarta.interceptor-api-1.2.5.jar:/Users/duckien/.m2/repository/jakarta/ejb/jakarta.ejb-api/3.2.6/jakarta.ejb-api-3.2.6.jar:/Users/duckien/.m2/repository/org/apache/ant/ant/1.10.11/ant-1.10.11.jar:/Users/duckien/.m2/repository/org/apache/ant/ant-launcher/1.10.11/ant-launcher-1.10.11.jar:/Users/duckien/.m2/repository/org/apache/httpcomponents/httpcore/4.4.16/httpcore-4.4.16.jar:/Users/duckien/.m2/repository/com/google/inject/guice/4.0/guice-4.0-no_aop.jar:/Users/duckien/.m2/repository/aopalliance/aopalliance/1.0/aopalliance-1.0.jar:/Users/duckien/.m2/repository/org/apache/maven/maven-core/3.3.9/maven-core-3.3.9.jar:/Users/duckien/.m2/repository/org/apache/maven/maven-repository-metadata/3.3.9/maven-repository-metadata-3.3.9.jar:/Users/duckien/.m2/repository/org/codehaus/plexus/plexus-interpolation/1.21/plexus-interpolation-1.21.jar:/Users/duckien/.m2/repository/org/codehaus/plexus/plexus-component-annotations/1.6/plexus-component-annotations-1.6.jar:/Users/duckien/.m2/repository/org/apache/commons/commons-lang3/3.12.0/commons-lang3-3.12.0.jar:/Users/duckien/.m2/repository/org/apache/maven/maven-model/3.3.9/maven-model-3.3.9.jar:/Users/duckien/.m2/repository/org/apache/maven/maven-model-builder/3.3.9/maven-model-builder-3.3.9.jar:/Users/duckien/.m2/repository/org/apache/maven/maven-builder-support/3.3.9/maven-builder-support-3.3.9.jar:/Users/duckien/.m2/repository/com/google/guava/guava/18.0/guava-18.0.jar:/Users/duckien/.m2/repository/org/apache/maven/maven-settings/3.3.9/maven-settings-3.3.9.jar:/Users/duckien/.m2/repository/org/apache/maven/maven-settings-builder/3.3.9/maven-settings-builder-3.3.9.jar:/Users/duckien/.m2/repository/org/apache/maven/maven-compat/3.3.9/maven-compat-3.3.9.jar:/Users/duckien/.m2/repository/org/apache/maven/maven-aether-provider/3.3.9/maven-aether-provider-3.3.9.jar:/Users/duckien/.m2/repository/org/apache/maven/wagon/wagon-provider-api/3.0.0/wagon-provider-api-3.0.0.jar:/Users/duckien/.m2/repository/org/sonatype/plexus/plexus-sec-dispatcher/1.3/plexus-sec-dispatcher-1.3.jar:/Users/duckien/.m2/repository/org/codehaus/plexus/plexus-classworlds/2.5.2/plexus-classworlds-2.5.2.jar:/Users/duckien/.m2/repository/org/codehaus/plexus/plexus-utils/3.0.22/plexus-utils-3.0.22.jar:/Users/duckien/.m2/repository/org/eclipse/aether/aether-api/1.1.0/aether-api-1.1.0.jar:/Users/duckien/.m2/repository/org/eclipse/aether/aether-impl/1.1.0/aether-impl-1.1.0.jar:/Users/duckien/.m2/repository/org/eclipse/aether/aether-connector-basic/1.1.0/aether-connector-basic-1.1.0.jar:/Users/duckien/.m2/repository/org/eclipse/aether/aether-transport-wagon/1.1.0/aether-transport-wagon-1.1.0.jar:/Users/duckien/.m2/repository/org/eclipse/sisu/org.eclipse.sisu.plexus/0.3.2/org.eclipse.sisu.plexus-0.3.2.jar:/Users/duckien/.m2/repository/javax/enterprise/cdi-api/1.0/cdi-api-1.0.jar:/Users/duckien/.m2/repository/javax/annotation/jsr250-api/1.0/jsr250-api-1.0.jar:/Users/duckien/.m2/repository/javax/inject/javax.inject/1/javax.inject-1.jar:/Users/duckien/.m2/repository/org/eclipse/sisu/org.eclipse.sisu.inject/0.3.2/org.eclipse.sisu.inject-0.3.2.jar:/Users/duckien/.m2/repository/org/apache/maven/wagon/wagon-http/3.0.0/wagon-http-3.0.0.jar:/Users/duckien/.m2/repository/org/apache/maven/wagon/wagon-http-shared/3.0.0/wagon-http-shared-3.0.0.jar:/Users/duckien/.m2/repository/org/jsoup/jsoup/1.7.2/jsoup-1.7.2.jar:/Users/duckien/.m2/repository/org/apache/httpcomponents/httpclient/4.5.14/httpclient-4.5.14.jar:/Users/duckien/.m2/repository/commons-io/commons-io/2.7/commons-io-2.7.jar:/Users/duckien/.m2/repository/org/slf4j/jcl-over-slf4j/1.7.36/jcl-over-slf4j-1.7.36.jar:/Users/duckien/.m2/repository/org/sonatype/plexus/plexus-cipher/1.7/plexus-cipher-1.7.jar:/Users/duckien/.m2/repository/org/drools/drools-decisiontables/7.73.0.Final/drools-decisiontables-7.73.0.Final.jar:/Users/duckien/.m2/repository/org/drools/drools-templates/7.73.0.Final/drools-templates-7.73.0.Final.jar:/Users/duckien/.m2/repository/org/apache/poi/poi/4.1.2/poi-4.1.2.jar:/Users/duckien/.m2/repository/org/apache/commons/commons-collections4/4.4/commons-collections4-4.4.jar:/Users/duckien/.m2/repository/org/apache/commons/commons-math3/3.6.1/commons-math3-3.6.1.jar:/Users/duckien/.m2/repository/com/zaxxer/SparseBitSet/1.2/SparseBitSet-1.2.jar:/Users/duckien/.m2/repository/org/apache/poi/poi-ooxml/4.1.2/poi-ooxml-4.1.2.jar:/Users/duckien/.m2/repository/org/apache/poi/poi-ooxml-schemas/4.1.2/poi-ooxml-schemas-4.1.2.jar:/Users/duckien/.m2/repository/org/apache/xmlbeans/xmlbeans/3.1.0/xmlbeans-3.1.0.jar:/Users/duckien/.m2/repository/org/apache/commons/commons-compress/1.19/commons-compress-1.19.jar:/Users/duckien/.m2/repository/com/github/virtuald/curvesapi/1.06/curvesapi-1.06.jar:/Users/duckien/.m2/repository/org/slf4j/slf4j-api/1.7.36/slf4j-api-1.7.36.jar:"/>
    <property name="java.vm.vendor" value="Oracle Corporation"/>
    <property name="sun.arch.data.model" value="64"/>
    <property name="java.vendor.url" value="https://openjdk.java.net/"/>
    <property name="user.timezone" value=""/>
    <property name="java.vm.specification.version" value="11"/>
    <property name="os.name" value="Mac OS X"/>
    <property name="sun.java.launcher" value="SUN_STANDARD"/>
    <property name="user.country" value="VN"/>
    <property name="sun.boot.library.path" value="/Library/Java/JavaVirtualMachines/jdk-11.jdk/Contents/Home/lib"/>
    <property name="sun.java.command" value="/Users/duckien/Developer/Smashminton/drool/target/surefire/surefirebooter11002933675044122581.jar /Users/duckien/Developer/Smashminton/drool/target/surefire 2025-05-22T02-07-07_917-jvmRun1 surefire8201208383345959768tmp surefire_014934935291133448695tmp"/>
    <property name="http.nonProxyHosts" value="local|*.local|169.254/16|*.169.254/16"/>
    <property name="jdk.debug" value="release"/>
    <property name="surefire.test.class.path" value="/Users/duckien/Developer/Smashminton/drool/target/test-classes:/Users/duckien/Developer/Smashminton/drool/target/classes:/Users/duckien/.m2/repository/org/springframework/boot/spring-boot-starter-data-jpa/2.7.18/spring-boot-starter-data-jpa-2.7.18.jar:/Users/duckien/.m2/repository/org/springframework/boot/spring-boot-starter-aop/2.7.18/spring-boot-starter-aop-2.7.18.jar:/Users/duckien/.m2/repository/org/springframework/spring-aop/5.3.31/spring-aop-5.3.31.jar:/Users/duckien/.m2/repository/org/aspectj/aspectjweaver/1.9.7/aspectjweaver-1.9.7.jar:/Users/duckien/.m2/repository/org/springframework/boot/spring-boot-starter-jdbc/2.7.18/spring-boot-starter-jdbc-2.7.18.jar:/Users/duckien/.m2/repository/com/zaxxer/HikariCP/4.0.3/HikariCP-4.0.3.jar:/Users/duckien/.m2/repository/org/springframework/spring-jdbc/5.3.31/spring-jdbc-5.3.31.jar:/Users/duckien/.m2/repository/jakarta/transaction/jakarta.transaction-api/1.3.3/jakarta.transaction-api-1.3.3.jar:/Users/duckien/.m2/repository/jakarta/persistence/jakarta.persistence-api/2.2.3/jakarta.persistence-api-2.2.3.jar:/Users/duckien/.m2/repository/org/hibernate/hibernate-core/5.6.15.Final/hibernate-core-5.6.15.Final.jar:/Users/duckien/.m2/repository/org/jboss/logging/jboss-logging/3.4.3.Final/jboss-logging-3.4.3.Final.jar:/Users/duckien/.m2/repository/net/bytebuddy/byte-buddy/1.12.23/byte-buddy-1.12.23.jar:/Users/duckien/.m2/repository/antlr/antlr/2.7.7/antlr-2.7.7.jar:/Users/duckien/.m2/repository/org/jboss/jandex/2.4.2.Final/jandex-2.4.2.Final.jar:/Users/duckien/.m2/repository/com/fasterxml/classmate/1.5.1/classmate-1.5.1.jar:/Users/duckien/.m2/repository/org/hibernate/common/hibernate-commons-annotations/5.1.2.Final/hibernate-commons-annotations-5.1.2.Final.jar:/Users/duckien/.m2/repository/org/glassfish/jaxb/jaxb-runtime/2.3.9/jaxb-runtime-2.3.9.jar:/Users/duckien/.m2/repository/org/glassfish/jaxb/txw2/2.3.9/txw2-2.3.9.jar:/Users/duckien/.m2/repository/com/sun/istack/istack-commons-runtime/3.0.12/istack-commons-runtime-3.0.12.jar:/Users/duckien/.m2/repository/com/sun/activation/jakarta.activation/1.2.2/jakarta.activation-1.2.2.jar:/Users/duckien/.m2/repository/org/springframework/data/spring-data-jpa/2.7.18/spring-data-jpa-2.7.18.jar:/Users/duckien/.m2/repository/org/springframework/data/spring-data-commons/2.7.18/spring-data-commons-2.7.18.jar:/Users/duckien/.m2/repository/org/springframework/spring-orm/5.3.31/spring-orm-5.3.31.jar:/Users/duckien/.m2/repository/org/springframework/spring-context/5.3.31/spring-context-5.3.31.jar:/Users/duckien/.m2/repository/org/springframework/spring-tx/5.3.31/spring-tx-5.3.31.jar:/Users/duckien/.m2/repository/org/springframework/spring-beans/5.3.31/spring-beans-5.3.31.jar:/Users/duckien/.m2/repository/org/springframework/spring-aspects/5.3.31/spring-aspects-5.3.31.jar:/Users/duckien/.m2/repository/org/postgresql/postgresql/42.3.8/postgresql-42.3.8.jar:/Users/duckien/.m2/repository/org/checkerframework/checker-qual/3.5.0/checker-qual-3.5.0.jar:/Users/duckien/.m2/repository/org/springframework/boot/spring-boot-starter-web/2.7.18/spring-boot-starter-web-2.7.18.jar:/Users/duckien/.m2/repository/org/springframework/boot/spring-boot-starter/2.7.18/spring-boot-starter-2.7.18.jar:/Users/duckien/.m2/repository/org/springframework/boot/spring-boot/2.7.18/spring-boot-2.7.18.jar:/Users/duckien/.m2/repository/org/springframework/boot/spring-boot-autoconfigure/2.7.18/spring-boot-autoconfigure-2.7.18.jar:/Users/duckien/.m2/repository/org/springframework/boot/spring-boot-starter-logging/2.7.18/spring-boot-starter-logging-2.7.18.jar:/Users/duckien/.m2/repository/ch/qos/logback/logback-classic/1.2.12/logback-classic-1.2.12.jar:/Users/duckien/.m2/repository/ch/qos/logback/logback-core/1.2.12/logback-core-1.2.12.jar:/Users/duckien/.m2/repository/org/apache/logging/log4j/log4j-to-slf4j/2.17.2/log4j-to-slf4j-2.17.2.jar:/Users/duckien/.m2/repository/org/apache/logging/log4j/log4j-api/2.17.2/log4j-api-2.17.2.jar:/Users/duckien/.m2/repository/org/slf4j/jul-to-slf4j/1.7.36/jul-to-slf4j-1.7.36.jar:/Users/duckien/.m2/repository/jakarta/annotation/jakarta.annotation-api/1.3.5/jakarta.annotation-api-1.3.5.jar:/Users/duckien/.m2/repository/org/yaml/snakeyaml/1.30/snakeyaml-1.30.jar:/Users/duckien/.m2/repository/org/springframework/boot/spring-boot-starter-json/2.7.18/spring-boot-starter-json-2.7.18.jar:/Users/duckien/.m2/repository/com/fasterxml/jackson/datatype/jackson-datatype-jdk8/2.13.5/jackson-datatype-jdk8-2.13.5.jar:/Users/duckien/.m2/repository/com/fasterxml/jackson/datatype/jackson-datatype-jsr310/2.13.5/jackson-datatype-jsr310-2.13.5.jar:/Users/duckien/.m2/repository/com/fasterxml/jackson/module/jackson-module-parameter-names/2.13.5/jackson-module-parameter-names-2.13.5.jar:/Users/duckien/.m2/repository/org/springframework/boot/spring-boot-starter-tomcat/2.7.18/spring-boot-starter-tomcat-2.7.18.jar:/Users/duckien/.m2/repository/org/apache/tomcat/embed/tomcat-embed-core/9.0.83/tomcat-embed-core-9.0.83.jar:/Users/duckien/.m2/repository/org/apache/tomcat/embed/tomcat-embed-el/9.0.83/tomcat-embed-el-9.0.83.jar:/Users/duckien/.m2/repository/org/apache/tomcat/embed/tomcat-embed-websocket/9.0.83/tomcat-embed-websocket-9.0.83.jar:/Users/duckien/.m2/repository/org/springframework/spring-web/5.3.31/spring-web-5.3.31.jar:/Users/duckien/.m2/repository/org/springframework/spring-webmvc/5.3.31/spring-webmvc-5.3.31.jar:/Users/duckien/.m2/repository/org/springframework/spring-expression/5.3.31/spring-expression-5.3.31.jar:/Users/duckien/.m2/repository/org/springframework/boot/spring-boot-starter-test/2.7.18/spring-boot-starter-test-2.7.18.jar:/Users/duckien/.m2/repository/org/springframework/boot/spring-boot-test/2.7.18/spring-boot-test-2.7.18.jar:/Users/duckien/.m2/repository/org/springframework/boot/spring-boot-test-autoconfigure/2.7.18/spring-boot-test-autoconfigure-2.7.18.jar:/Users/duckien/.m2/repository/com/jayway/jsonpath/json-path/2.7.0/json-path-2.7.0.jar:/Users/duckien/.m2/repository/net/minidev/json-smart/2.4.11/json-smart-2.4.11.jar:/Users/duckien/.m2/repository/net/minidev/accessors-smart/2.4.11/accessors-smart-2.4.11.jar:/Users/duckien/.m2/repository/org/ow2/asm/asm/9.3/asm-9.3.jar:/Users/duckien/.m2/repository/jakarta/xml/bind/jakarta.xml.bind-api/2.3.3/jakarta.xml.bind-api-2.3.3.jar:/Users/duckien/.m2/repository/jakarta/activation/jakarta.activation-api/1.2.2/jakarta.activation-api-1.2.2.jar:/Users/duckien/.m2/repository/org/assertj/assertj-core/3.22.0/assertj-core-3.22.0.jar:/Users/duckien/.m2/repository/org/hamcrest/hamcrest/2.2/hamcrest-2.2.jar:/Users/duckien/.m2/repository/org/junit/jupiter/junit-jupiter/5.8.2/junit-jupiter-5.8.2.jar:/Users/duckien/.m2/repository/org/junit/jupiter/junit-jupiter-api/5.8.2/junit-jupiter-api-5.8.2.jar:/Users/duckien/.m2/repository/org/opentest4j/opentest4j/1.2.0/opentest4j-1.2.0.jar:/Users/duckien/.m2/repository/org/junit/platform/junit-platform-commons/1.8.2/junit-platform-commons-1.8.2.jar:/Users/duckien/.m2/repository/org/apiguardian/apiguardian-api/1.1.2/apiguardian-api-1.1.2.jar:/Users/duckien/.m2/repository/org/junit/jupiter/junit-jupiter-params/5.8.2/junit-jupiter-params-5.8.2.jar:/Users/duckien/.m2/repository/org/junit/jupiter/junit-jupiter-engine/5.8.2/junit-jupiter-engine-5.8.2.jar:/Users/duckien/.m2/repository/org/junit/platform/junit-platform-engine/1.8.2/junit-platform-engine-1.8.2.jar:/Users/duckien/.m2/repository/org/mockito/mockito-core/4.5.1/mockito-core-4.5.1.jar:/Users/duckien/.m2/repository/net/bytebuddy/byte-buddy-agent/1.12.23/byte-buddy-agent-1.12.23.jar:/Users/duckien/.m2/repository/org/objenesis/objenesis/3.2/objenesis-3.2.jar:/Users/duckien/.m2/repository/org/mockito/mockito-junit-jupiter/4.5.1/mockito-junit-jupiter-4.5.1.jar:/Users/duckien/.m2/repository/org/skyscreamer/jsonassert/1.5.1/jsonassert-1.5.1.jar:/Users/duckien/.m2/repository/com/vaadin/external/google/android-json/0.0.20131108.vaadin1/android-json-0.0.20131108.vaadin1.jar:/Users/duckien/.m2/repository/org/springframework/spring-core/5.3.31/spring-core-5.3.31.jar:/Users/duckien/.m2/repository/org/springframework/spring-jcl/5.3.31/spring-jcl-5.3.31.jar:/Users/duckien/.m2/repository/org/springframework/spring-test/5.3.31/spring-test-5.3.31.jar:/Users/duckien/.m2/repository/org/xmlunit/xmlunit-core/2.9.1/xmlunit-core-2.9.1.jar:/Users/duckien/.m2/repository/org/springframework/boot/spring-boot-starter-actuator/2.7.18/spring-boot-starter-actuator-2.7.18.jar:/Users/duckien/.m2/repository/org/springframework/boot/spring-boot-actuator-autoconfigure/2.7.18/spring-boot-actuator-autoconfigure-2.7.18.jar:/Users/duckien/.m2/repository/org/springframework/boot/spring-boot-actuator/2.7.18/spring-boot-actuator-2.7.18.jar:/Users/duckien/.m2/repository/io/micrometer/micrometer-core/1.9.17/micrometer-core-1.9.17.jar:/Users/duckien/.m2/repository/org/hdrhistogram/HdrHistogram/2.1.12/HdrHistogram-2.1.12.jar:/Users/duckien/.m2/repository/org/latencyutils/LatencyUtils/2.0.3/LatencyUtils-2.0.3.jar:/Users/duckien/.m2/repository/org/springdoc/springdoc-openapi-ui/1.6.15/springdoc-openapi-ui-1.6.15.jar:/Users/duckien/.m2/repository/org/webjars/swagger-ui/4.17.1/swagger-ui-4.17.1.jar:/Users/duckien/.m2/repository/org/webjars/webjars-locator-core/0.50/webjars-locator-core-0.50.jar:/Users/duckien/.m2/repository/io/github/classgraph/classgraph/4.8.149/classgraph-4.8.149.jar:/Users/duckien/.m2/repository/org/springdoc/springdoc-openapi-webmvc-core/1.6.15/springdoc-openapi-webmvc-core-1.6.15.jar:/Users/duckien/.m2/repository/org/springdoc/springdoc-openapi-common/1.6.15/springdoc-openapi-common-1.6.15.jar:/Users/duckien/.m2/repository/io/swagger/core/v3/swagger-core/2.2.8/swagger-core-2.2.8.jar:/Users/duckien/.m2/repository/com/fasterxml/jackson/dataformat/jackson-dataformat-yaml/2.13.5/jackson-dataformat-yaml-2.13.5.jar:/Users/duckien/.m2/repository/io/swagger/core/v3/swagger-annotations/2.2.8/swagger-annotations-2.2.8.jar:/Users/duckien/.m2/repository/io/swagger/core/v3/swagger-models/2.2.8/swagger-models-2.2.8.jar:/Users/duckien/.m2/repository/jakarta/validation/jakarta.validation-api/2.0.2/jakarta.validation-api-2.0.2.jar:/Users/duckien/.m2/repository/org/projectlombok/lombok/1.18.30/lombok-1.18.30.jar:/Users/duckien/.m2/repository/com/fasterxml/jackson/datatype/jackson-datatype-hibernate5/2.13.5/jackson-datatype-hibernate5-2.13.5.jar:/Users/duckien/.m2/repository/javax/transaction/javax.transaction-api/1.3/javax.transaction-api-1.3.jar:/Users/duckien/.m2/repository/com/fasterxml/jackson/core/jackson-core/2.13.5/jackson-core-2.13.5.jar:/Users/duckien/.m2/repository/com/fasterxml/jackson/core/jackson-databind/2.13.5/jackson-databind-2.13.5.jar:/Users/duckien/.m2/repository/com/fasterxml/jackson/core/jackson-annotations/2.13.5/jackson-annotations-2.13.5.jar:/Users/duckien/.m2/repository/org/kie/kie-api/7.73.0.Final/kie-api-7.73.0.Final.jar:/Users/duckien/.m2/repository/org/kie/soup/kie-soup-maven-support/7.73.0.Final/kie-soup-maven-support-7.73.0.Final.jar:/Users/duckien/.m2/repository/org/drools/drools-core/7.73.0.Final/drools-core-7.73.0.Final.jar:/Users/duckien/.m2/repository/org/kie/kie-internal/7.73.0.Final/kie-internal-7.73.0.Final.jar:/Users/duckien/.m2/repository/org/kie/soup/kie-soup-xstream/7.73.0.Final/kie-soup-xstream-7.73.0.Final.jar:/Users/duckien/.m2/repository/org/drools/drools-core-reflective/7.73.0.Final/drools-core-reflective-7.73.0.Final.jar:/Users/duckien/.m2/repository/org/drools/drools-core-dynamic/7.73.0.Final/drools-core-dynamic-7.73.0.Final.jar:/Users/duckien/.m2/repository/commons-codec/commons-codec/1.15/commons-codec-1.15.jar:/Users/duckien/.m2/repository/org/drools/drools-compiler/7.73.0.Final/drools-compiler-7.73.0.Final.jar:/Users/duckien/.m2/repository/org/kie/kie-memory-compiler/7.73.0.Final/kie-memory-compiler-7.73.0.Final.jar:/Users/duckien/.m2/repository/org/drools/drools-ecj/7.73.0.Final/drools-ecj-7.73.0.Final.jar:/Users/duckien/.m2/repository/org/antlr/antlr-runtime/3.5.2/antlr-runtime-3.5.2.jar:/Users/duckien/.m2/repository/com/thoughtworks/xstream/xstream/1.4.19/xstream-1.4.19.jar:/Users/duckien/.m2/repository/io/github/x-stream/mxparser/1.2.2/mxparser-1.2.2.jar:/Users/duckien/.m2/repository/xmlpull/xmlpull/1.1.3.1/xmlpull-1.1.3.1.jar:/Users/duckien/.m2/repository/org/kie/kie-ci/7.73.0.Final/kie-ci-7.73.0.Final.jar:/Users/duckien/.m2/repository/org/drools/drools-mvel/7.73.0.Final/drools-mvel-7.73.0.Final.jar:/Users/duckien/.m2/repository/org/mvel/mvel2/2.4.14.Final/mvel2-2.4.14.Final.jar:/Users/duckien/.m2/repository/org/kie/soup/kie-soup-project-datamodel-commons/7.73.0.Final/kie-soup-project-datamodel-commons-7.73.0.Final.jar:/Users/duckien/.m2/repository/org/kie/soup/kie-soup-commons/7.73.0.Final/kie-soup-commons-7.73.0.Final.jar:/Users/duckien/.m2/repository/org/kie/soup/kie-soup-project-datamodel-api/7.73.0.Final/kie-soup-project-datamodel-api-7.73.0.Final.jar:/Users/duckien/.m2/repository/org/drools/drools-serialization-protobuf/7.73.0.Final/drools-serialization-protobuf-7.73.0.Final.jar:/Users/duckien/.m2/repository/com/google/protobuf/protobuf-java/3.19.4/protobuf-java-3.19.4.jar:/Users/duckien/.m2/repository/org/kie/soup/kie-soup-maven-integration/7.73.0.Final/kie-soup-maven-integration-7.73.0.Final.jar:/Users/duckien/.m2/repository/org/apache/maven/maven-artifact/3.3.9/maven-artifact-3.3.9.jar:/Users/duckien/.m2/repository/org/apache/maven/maven-plugin-api/3.3.9/maven-plugin-api-3.3.9.jar:/Users/duckien/.m2/repository/org/eclipse/aether/aether-util/1.1.0/aether-util-1.1.0.jar:/Users/duckien/.m2/repository/org/eclipse/aether/aether-spi/1.1.0/aether-spi-1.1.0.jar:/Users/duckien/.m2/repository/org/eclipse/aether/aether-transport-file/1.1.0/aether-transport-file-1.1.0.jar:/Users/duckien/.m2/repository/org/eclipse/aether/aether-transport-http/1.1.0/aether-transport-http-1.1.0.jar:/Users/duckien/.m2/repository/jakarta/inject/jakarta.inject-api/1.0.3/jakarta.inject-api-1.0.3.jar:/Users/duckien/.m2/repository/jakarta/enterprise/jakarta.enterprise.cdi-api/2.0.2/jakarta.enterprise.cdi-api-2.0.2.jar:/Users/duckien/.m2/repository/jakarta/el/jakarta.el-api/3.0.3/jakarta.el-api-3.0.3.jar:/Users/duckien/.m2/repository/jakarta/interceptor/jakarta.interceptor-api/1.2.5/jakarta.interceptor-api-1.2.5.jar:/Users/duckien/.m2/repository/jakarta/ejb/jakarta.ejb-api/3.2.6/jakarta.ejb-api-3.2.6.jar:/Users/duckien/.m2/repository/org/apache/ant/ant/1.10.11/ant-1.10.11.jar:/Users/duckien/.m2/repository/org/apache/ant/ant-launcher/1.10.11/ant-launcher-1.10.11.jar:/Users/duckien/.m2/repository/org/apache/httpcomponents/httpcore/4.4.16/httpcore-4.4.16.jar:/Users/duckien/.m2/repository/com/google/inject/guice/4.0/guice-4.0-no_aop.jar:/Users/duckien/.m2/repository/aopalliance/aopalliance/1.0/aopalliance-1.0.jar:/Users/duckien/.m2/repository/org/apache/maven/maven-core/3.3.9/maven-core-3.3.9.jar:/Users/duckien/.m2/repository/org/apache/maven/maven-repository-metadata/3.3.9/maven-repository-metadata-3.3.9.jar:/Users/duckien/.m2/repository/org/codehaus/plexus/plexus-interpolation/1.21/plexus-interpolation-1.21.jar:/Users/duckien/.m2/repository/org/codehaus/plexus/plexus-component-annotations/1.6/plexus-component-annotations-1.6.jar:/Users/duckien/.m2/repository/org/apache/commons/commons-lang3/3.12.0/commons-lang3-3.12.0.jar:/Users/duckien/.m2/repository/org/apache/maven/maven-model/3.3.9/maven-model-3.3.9.jar:/Users/duckien/.m2/repository/org/apache/maven/maven-model-builder/3.3.9/maven-model-builder-3.3.9.jar:/Users/duckien/.m2/repository/org/apache/maven/maven-builder-support/3.3.9/maven-builder-support-3.3.9.jar:/Users/duckien/.m2/repository/com/google/guava/guava/18.0/guava-18.0.jar:/Users/duckien/.m2/repository/org/apache/maven/maven-settings/3.3.9/maven-settings-3.3.9.jar:/Users/duckien/.m2/repository/org/apache/maven/maven-settings-builder/3.3.9/maven-settings-builder-3.3.9.jar:/Users/duckien/.m2/repository/org/apache/maven/maven-compat/3.3.9/maven-compat-3.3.9.jar:/Users/duckien/.m2/repository/org/apache/maven/maven-aether-provider/3.3.9/maven-aether-provider-3.3.9.jar:/Users/duckien/.m2/repository/org/apache/maven/wagon/wagon-provider-api/3.0.0/wagon-provider-api-3.0.0.jar:/Users/duckien/.m2/repository/org/sonatype/plexus/plexus-sec-dispatcher/1.3/plexus-sec-dispatcher-1.3.jar:/Users/duckien/.m2/repository/org/codehaus/plexus/plexus-classworlds/2.5.2/plexus-classworlds-2.5.2.jar:/Users/duckien/.m2/repository/org/codehaus/plexus/plexus-utils/3.0.22/plexus-utils-3.0.22.jar:/Users/duckien/.m2/repository/org/eclipse/aether/aether-api/1.1.0/aether-api-1.1.0.jar:/Users/duckien/.m2/repository/org/eclipse/aether/aether-impl/1.1.0/aether-impl-1.1.0.jar:/Users/duckien/.m2/repository/org/eclipse/aether/aether-connector-basic/1.1.0/aether-connector-basic-1.1.0.jar:/Users/duckien/.m2/repository/org/eclipse/aether/aether-transport-wagon/1.1.0/aether-transport-wagon-1.1.0.jar:/Users/duckien/.m2/repository/org/eclipse/sisu/org.eclipse.sisu.plexus/0.3.2/org.eclipse.sisu.plexus-0.3.2.jar:/Users/duckien/.m2/repository/javax/enterprise/cdi-api/1.0/cdi-api-1.0.jar:/Users/duckien/.m2/repository/javax/annotation/jsr250-api/1.0/jsr250-api-1.0.jar:/Users/duckien/.m2/repository/javax/inject/javax.inject/1/javax.inject-1.jar:/Users/duckien/.m2/repository/org/eclipse/sisu/org.eclipse.sisu.inject/0.3.2/org.eclipse.sisu.inject-0.3.2.jar:/Users/duckien/.m2/repository/org/apache/maven/wagon/wagon-http/3.0.0/wagon-http-3.0.0.jar:/Users/duckien/.m2/repository/org/apache/maven/wagon/wagon-http-shared/3.0.0/wagon-http-shared-3.0.0.jar:/Users/duckien/.m2/repository/org/jsoup/jsoup/1.7.2/jsoup-1.7.2.jar:/Users/duckien/.m2/repository/org/apache/httpcomponents/httpclient/4.5.14/httpclient-4.5.14.jar:/Users/duckien/.m2/repository/commons-io/commons-io/2.7/commons-io-2.7.jar:/Users/duckien/.m2/repository/org/slf4j/jcl-over-slf4j/1.7.36/jcl-over-slf4j-1.7.36.jar:/Users/duckien/.m2/repository/org/sonatype/plexus/plexus-cipher/1.7/plexus-cipher-1.7.jar:/Users/duckien/.m2/repository/org/drools/drools-decisiontables/7.73.0.Final/drools-decisiontables-7.73.0.Final.jar:/Users/duckien/.m2/repository/org/drools/drools-templates/7.73.0.Final/drools-templates-7.73.0.Final.jar:/Users/duckien/.m2/repository/org/apache/poi/poi/4.1.2/poi-4.1.2.jar:/Users/duckien/.m2/repository/org/apache/commons/commons-collections4/4.4/commons-collections4-4.4.jar:/Users/duckien/.m2/repository/org/apache/commons/commons-math3/3.6.1/commons-math3-3.6.1.jar:/Users/duckien/.m2/repository/com/zaxxer/SparseBitSet/1.2/SparseBitSet-1.2.jar:/Users/duckien/.m2/repository/org/apache/poi/poi-ooxml/4.1.2/poi-ooxml-4.1.2.jar:/Users/duckien/.m2/repository/org/apache/poi/poi-ooxml-schemas/4.1.2/poi-ooxml-schemas-4.1.2.jar:/Users/duckien/.m2/repository/org/apache/xmlbeans/xmlbeans/3.1.0/xmlbeans-3.1.0.jar:/Users/duckien/.m2/repository/org/apache/commons/commons-compress/1.19/commons-compress-1.19.jar:/Users/duckien/.m2/repository/com/github/virtuald/curvesapi/1.06/curvesapi-1.06.jar:/Users/duckien/.m2/repository/org/slf4j/slf4j-api/1.7.36/slf4j-api-1.7.36.jar:"/>
    <property name="sun.cpu.endian" value="little"/>
    <property name="user.home" value="/Users/duckien"/>
    <property name="user.language" value="en"/>
    <property name="java.specification.vendor" value="Oracle Corporation"/>
    <property name="java.version.date" value="2025-01-21"/>
    <property name="java.home" value="/Library/Java/JavaVirtualMachines/jdk-11.jdk/Contents/Home"/>
    <property name="file.separator" value="/"/>
    <property name="basedir" value="/Users/duckien/Developer/Smashminton/drool"/>
    <property name="java.vm.compressedOopsMode" value="Zero based"/>
    <property name="line.separator" value="&#10;"/>
    <property name="java.specification.name" value="Java Platform API Specification"/>
    <property name="java.vm.specification.vendor" value="Oracle Corporation"/>
    <property name="java.awt.graphicsenv" value="sun.awt.CGraphicsEnvironment"/>
    <property name="surefire.real.class.path" value="/Users/duckien/Developer/Smashminton/drool/target/surefire/surefirebooter11002933675044122581.jar"/>
    <property name="sun.management.compiler" value="HotSpot 64-Bit Tiered Compilers"/>
    <property name="ftp.nonProxyHosts" value="local|*.local|169.254/16|*.169.254/16"/>
    <property name="java.runtime.version" value="11.0.26+7-LTS-187"/>
    <property name="user.name" value="duckien"/>
    <property name="path.separator" value=":"/>
    <property name="os.version" value="15.4.1"/>
    <property name="java.runtime.name" value="Java(TM) SE Runtime Environment"/>
    <property name="file.encoding" value="UTF-8"/>
    <property name="java.vm.name" value="Java HotSpot(TM) 64-Bit Server VM"/>
    <property name="java.vendor.version" value="18.9"/>
    <property name="localRepository" value="/Users/duckien/.m2/repository"/>
    <property name="java.vendor.url.bug" value="https://bugreport.java.com/bugreport/"/>
    <property name="java.io.tmpdir" value="/var/folders/kl/rjfswrc502zgzwr6bjd4ymwh0000gn/T/"/>
    <property name="java.version" value="11.0.26"/>
    <property name="user.dir" value="/Users/duckien/Developer/Smashminton/drool"/>
    <property name="os.arch" value="aarch64"/>
    <property name="java.vm.specification.name" value="Java Virtual Machine Specification"/>
    <property name="java.awt.printerjob" value="sun.lwawt.macosx.CPrinterJob"/>
    <property name="sun.os.patch.level" value="unknown"/>
    <property name="java.library.path" value="/Users/duckien/Library/Java/Extensions:/Library/Java/Extensions:/Network/Library/Java/Extensions:/System/Library/Java/Extensions:/usr/lib/java:."/>
    <property name="java.vendor" value="Oracle Corporation"/>
    <property name="java.vm.info" value="mixed mode"/>
    <property name="java.vm.version" value="11.0.26+7-LTS-187"/>
    <property name="java.specification.maintenance.version" value="3"/>
    <property name="sun.io.unicode.encoding" value="UnicodeBig"/>
    <property name="java.class.version" value="55.0"/>
    <property name="socksNonProxyHosts" value="local|*.local|169.254/16|*.169.254/16"/>
  </properties>
  <testcase name="contextLoads" classname="com.smashminton.rule_engine.RuleEngineApplicationTests" time="0.04"/>
</testsuite>